<?xml version="1.0" encoding="UTF-8"?>
<!-- Generated by org.testng.reporters.JUnitReportReporter -->
<testsuite skipped="0" hostname="ojas-dd455" name="com.inetbanking.testcases.TC_LoginTest_001" tests="1" failures="0" timestamp="01 Oct 2021 09:46:08 GMT" time="23.810" errors="0">
  <testcase name="loginTest" time="23.810" classname="com.inetbanking.testcases.TC_LoginTest_001"/>
</testsuite> <!-- com.inetbanking.testcases.TC_LoginTest_001 -->
